\BOOKMARK [1][-]{section.1}{INTRODUCTION}{}% 1
\BOOKMARK [1][-]{section.2}{SIMULATION}{}% 2
\BOOKMARK [1][-]{section.3}{OVERALL SYSTEM DESIGN}{}% 3
\BOOKMARK [1][-]{section.4}{LOCALIZATION}{}% 4
\BOOKMARK [2][-]{subsection.4.1}{Grid Localization}{section.4}% 5
\BOOKMARK [3][-]{subsubsection.4.1.1}{Detecting the Grid}{subsection.4.1}% 6
\BOOKMARK [3][-]{subsubsection.4.1.2}{Orientation and Cell Localisation}{subsection.4.1}% 7
\BOOKMARK [3][-]{subsubsection.4.1.3}{Grids Localization}{subsection.4.1}% 8
\BOOKMARK [1][-]{section.5}{GROUND ROBOT DETECTION AND TRACKING}{}% 9
\BOOKMARK [2][-]{subsection.5.1}{Detection}{section.5}% 10
\BOOKMARK [3][-]{subsubsection.5.1.1}{Ellipse Detection}{subsection.5.1}% 11
\BOOKMARK [3][-]{subsubsection.5.1.2}{YOLO Based Object Detection}{subsection.5.1}% 12
\BOOKMARK [2][-]{subsection.5.2}{Position Estimation}{section.5}% 13
\BOOKMARK [2][-]{subsection.5.3}{Tracking of Multiple Robots}{section.5}% 14
\BOOKMARK [1][-]{section.6}{OBSTACLE AVOIDANCE}{}% 15
\BOOKMARK [1][-]{section.7}{SYSTEM CONTROL}{}% 16
\BOOKMARK [2][-]{subsection.7.1}{Pixhawk}{section.7}% 17
\BOOKMARK [2][-]{subsection.7.2}{MAVROS}{section.7}% 18
\BOOKMARK [2][-]{subsection.7.3}{Ground Robot Tapping}{section.7}% 19
\BOOKMARK [1][-]{section.8}{IARC ROBOT DESCRIPTION}{}% 20
\BOOKMARK [2][-]{subsection.8.1}{Configuration}{section.8}% 21
\BOOKMARK [1][-]{section.9}{HERDING ALGORITHM AI}{}% 22
\BOOKMARK [2][-]{subsection.9.1}{Greedy Method}{section.9}% 23
\BOOKMARK [1][-]{section.10}{EMERGENCY KILL SWITCH}{}% 24
\BOOKMARK [1][-]{section.11}{TESTING}{}% 25
\BOOKMARK [1][-]{section.12}{State Machine}{}% 26
\BOOKMARK [2][-]{subsection.12.1}{States}{section.12}% 27
\BOOKMARK [2][-]{subsection.12.2}{Working}{section.12}% 28
\BOOKMARK [2][-]{subsection.12.3}{Rules}{section.12}% 29
\BOOKMARK [1][-]{section.13}{References}{}% 30
