This is pdfTeX, Version 3.14159265-2.6-1.40.16 (TeX Live 2015/Debian) (preloaded format=pdflatex 2018.4.30)  23 MAY 2018 01:11
entering extended mode
 restricted \write18 enabled.
 %&-line parsing enabled.
**sbc-template.tex
(./sbc-template.tex
LaTeX2e <2016/02/01>
Babel <3.9q> and hyphenation patterns for 5 language(s) loaded.
(/usr/share/texlive/texmf-dist/tex/latex/base/article.cls
Document Class: article 2014/09/29 v1.4h Standard LaTeX document class
(/usr/share/texlive/texmf-dist/tex/latex/base/size12.clo
File: size12.clo 2014/09/29 v1.4h Standard LaTeX file (size option)
)
\c@part=\count79
\c@section=\count80
\c@subsection=\count81
\c@subsubsection=\count82
\c@paragraph=\count83
\c@subparagraph=\count84
\c@figure=\count85
\c@table=\count86
\abovecaptionskip=\skip41
\belowcaptionskip=\skip42
\bibindent=\dimen102
) (./sbc-template.sty
Package: sbc-template 2001/06/09

(/usr/share/texlive/texmf-dist/tex/latex/geometry/geometry.sty
Package: geometry 2010/09/12 v5.6 Page Geometry

(/usr/share/texlive/texmf-dist/tex/latex/graphics/keyval.sty
Package: keyval 2014/10/28 v1.15 key=value parser (DPC)
\KV@toks@=\toks14
)
(/usr/share/texlive/texmf-dist/tex/generic/oberdiek/ifpdf.sty
Package: ifpdf 2011/01/30 v2.3 Provides the ifpdf switch (HO)
Package ifpdf Info: pdfTeX in PDF mode is detected.
)
(/usr/share/texlive/texmf-dist/tex/generic/oberdiek/ifvtex.sty
Package: ifvtex 2010/03/01 v1.5 Detect VTeX and its facilities (HO)
Package ifvtex Info: VTeX not detected.
)
(/usr/share/texlive/texmf-dist/tex/generic/ifxetex/ifxetex.sty
Package: ifxetex 2010/09/12 v0.6 Provides ifxetex conditional
)
\Gm@cnth=\count87
\Gm@cntv=\count88
\c@Gm@tempcnt=\count89
\Gm@bindingoffset=\dimen103
\Gm@wd@mp=\dimen104
\Gm@odd@mp=\dimen105
\Gm@even@mp=\dimen106
\Gm@layoutwidth=\dimen107
\Gm@layoutheight=\dimen108
\Gm@layouthoffset=\dimen109
\Gm@layoutvoffset=\dimen110
\Gm@dimlist=\toks15
)
(./caption2.sty
Package: caption2 2002/08/03 v2.1 Customising captions (AS)
\captionmargin=\dimen111
\captionwidth=\dimen112
\captionindent=\dimen113
Package caption2 Info: Running in caption2 v2.0 compatibility mode on input lin
e 147.
\captionlinewidth=\dimen114
) (/usr/share/texlive/texmf-dist/tex/latex/base/fontenc.sty
Package: fontenc 2005/09/27 v1.99g Standard LaTeX package

(/usr/share/texlive/texmf-dist/tex/latex/base/t1enc.def
File: t1enc.def 2005/09/27 v1.99g Standard LaTeX file
LaTeX Font Info:    Redeclaring font encoding T1 on input line 48.
))
(/usr/share/texlive/texmf-dist/tex/latex/amsmath/amsmath.sty
Package: amsmath 2016/03/03 v2.15a AMS math features
\@mathmargin=\skip43

For additional information on amsmath, use the `?' option.
(/usr/share/texlive/texmf-dist/tex/latex/amsmath/amstext.sty
Package: amstext 2000/06/29 v2.01 AMS text

(/usr/share/texlive/texmf-dist/tex/latex/amsmath/amsgen.sty
File: amsgen.sty 1999/11/30 v2.0 generic functions
\@emptytoks=\toks16
\ex@=\dimen115
))
(/usr/share/texlive/texmf-dist/tex/latex/amsmath/amsbsy.sty
Package: amsbsy 1999/11/29 v1.2d Bold Symbols
\pmbraise@=\dimen116
)
(/usr/share/texlive/texmf-dist/tex/latex/amsmath/amsopn.sty
Package: amsopn 1999/12/14 v2.01 operator names
)
\inf@bad=\count90
LaTeX Info: Redefining \frac on input line 199.
\uproot@=\count91
\leftroot@=\count92
LaTeX Info: Redefining \overline on input line 297.
\classnum@=\count93
\DOTSCASE@=\count94
LaTeX Info: Redefining \ldots on input line 394.
LaTeX Info: Redefining \dots on input line 397.
LaTeX Info: Redefining \cdots on input line 518.
\Mathstrutbox@=\box26
\strutbox@=\box27
\big@size=\dimen117
LaTeX Font Info:    Redeclaring font encoding OML on input line 630.
LaTeX Font Info:    Redeclaring font encoding OMS on input line 631.
\macc@depth=\count95
\c@MaxMatrixCols=\count96
\dotsspace@=\muskip10
\c@parentequation=\count97
\dspbrk@lvl=\count98
\tag@help=\toks17
\row@=\count99
\column@=\count100
\maxfields@=\count101
\andhelp@=\toks18
\eqnshift@=\dimen118
\alignsep@=\dimen119
\tagshift@=\dimen120
\tagwidth@=\dimen121
\totwidth@=\dimen122
\lineht@=\dimen123
\@envbody=\toks19
\multlinegap=\skip44
\multlinetaggap=\skip45
\mathdisplay@stack=\toks20
LaTeX Info: Redefining \[ on input line 2735.
LaTeX Info: Redefining \] on input line 2736.
)
(/usr/share/texlive/texmf-dist/tex/latex/hyperref/hyperref.sty
Package: hyperref 2012/11/06 v6.83m Hypertext links for LaTeX

(/usr/share/texlive/texmf-dist/tex/generic/oberdiek/hobsub-hyperref.sty
Package: hobsub-hyperref 2012/05/28 v1.13 Bundle oberdiek, subset hyperref (HO)


(/usr/share/texlive/texmf-dist/tex/generic/oberdiek/hobsub-generic.sty
Package: hobsub-generic 2012/05/28 v1.13 Bundle oberdiek, subset generic (HO)
Package: hobsub 2012/05/28 v1.13 Construct package bundles (HO)
Package: infwarerr 2010/04/08 v1.3 Providing info/warning/error messages (HO)
Package: ltxcmds 2011/11/09 v1.22 LaTeX kernel commands for general use (HO)
Package: ifluatex 2010/03/01 v1.3 Provides the ifluatex switch (HO)
Package ifluatex Info: LuaTeX not detected.
Package hobsub Info: Skipping package `ifvtex' (already loaded).
Package: intcalc 2007/09/27 v1.1 Expandable calculations with integers (HO)
Package hobsub Info: Skipping package `ifpdf' (already loaded).
Package: etexcmds 2011/02/16 v1.5 Avoid name clashes with e-TeX commands (HO)
Package etexcmds Info: Could not find \expanded.
(etexcmds)             That can mean that you are not using pdfTeX 1.50 or
(etexcmds)             that some package has redefined \expanded.
(etexcmds)             In the latter case, load this package earlier.
Package: kvsetkeys 2012/04/25 v1.16 Key value parser (HO)
Package: kvdefinekeys 2011/04/07 v1.3 Define keys (HO)
Package: pdftexcmds 2011/11/29 v0.20 Utility functions of pdfTeX for LuaTeX (HO
)
Package pdftexcmds Info: LuaTeX not detected.
Package pdftexcmds Info: \pdf@primitive is available.
Package pdftexcmds Info: \pdf@ifprimitive is available.
Package pdftexcmds Info: \pdfdraftmode found.
Package: pdfescape 2011/11/25 v1.13 Implements pdfTeX's escape features (HO)
Package: bigintcalc 2012/04/08 v1.3 Expandable calculations on big integers (HO
)
Package: bitset 2011/01/30 v1.1 Handle bit-vector datatype (HO)
Package: uniquecounter 2011/01/30 v1.2 Provide unlimited unique counter (HO)
)
Package hobsub Info: Skipping package `hobsub' (already loaded).
Package: letltxmacro 2010/09/02 v1.4 Let assignment for LaTeX macros (HO)
Package: hopatch 2012/05/28 v1.2 Wrapper for package hooks (HO)
Package: xcolor-patch 2011/01/30 xcolor patch
Package: atveryend 2011/06/30 v1.8 Hooks at the very end of document (HO)
Package atveryend Info: \enddocument detected (standard20110627).
Package: atbegshi 2011/10/05 v1.16 At begin shipout hook (HO)
Package: refcount 2011/10/16 v3.4 Data extraction from label references (HO)
Package: hycolor 2011/01/30 v1.7 Color options for hyperref/bookmark (HO)
)
(/usr/share/texlive/texmf-dist/tex/latex/oberdiek/auxhook.sty
Package: auxhook 2011/03/04 v1.3 Hooks for auxiliary files (HO)
)
(/usr/share/texlive/texmf-dist/tex/latex/oberdiek/kvoptions.sty
Package: kvoptions 2011/06/30 v3.11 Key value format for package options (HO)
)
\@linkdim=\dimen124
\Hy@linkcounter=\count102
\Hy@pagecounter=\count103

(/usr/share/texlive/texmf-dist/tex/latex/hyperref/pd1enc.def
File: pd1enc.def 2012/11/06 v6.83m Hyperref: PDFDocEncoding definition (HO)
)
\Hy@SavedSpaceFactor=\count104

(/usr/share/texlive/texmf-dist/tex/latex/latexconfig/hyperref.cfg
File: hyperref.cfg 2002/06/06 v1.2 hyperref configuration of TeXLive
)
Package hyperref Info: Hyper figures OFF on input line 4443.
Package hyperref Info: Link nesting OFF on input line 4448.
Package hyperref Info: Hyper index ON on input line 4451.
Package hyperref Info: Plain pages OFF on input line 4458.
Package hyperref Info: Backreferencing OFF on input line 4463.
Package hyperref Info: Implicit mode ON; LaTeX internals redefined.
Package hyperref Info: Bookmarks ON on input line 4688.
\c@Hy@tempcnt=\count105

(/usr/share/texlive/texmf-dist/tex/latex/url/url.sty
\Urlmuskip=\muskip11
Package: url 2013/09/16  ver 3.4  Verb mode for urls, etc.
)
LaTeX Info: Redefining \url on input line 5041.
\XeTeXLinkMargin=\dimen125
\Fld@menulength=\count106
\Field@Width=\dimen126
\Fld@charsize=\dimen127
Package hyperref Info: Hyper figures OFF on input line 6295.
Package hyperref Info: Link nesting OFF on input line 6300.
Package hyperref Info: Hyper index ON on input line 6303.
Package hyperref Info: backreferencing OFF on input line 6310.
Package hyperref Info: Link coloring OFF on input line 6315.
Package hyperref Info: Link coloring with OCG OFF on input line 6320.
Package hyperref Info: PDF/A mode OFF on input line 6325.
LaTeX Info: Redefining \ref on input line 6365.
LaTeX Info: Redefining \pageref on input line 6369.
\Hy@abspage=\count107
\c@Item=\count108
\c@Hfootnote=\count109
)

Package hyperref Message: Driver (autodetected): hpdftex.

(/usr/share/texlive/texmf-dist/tex/latex/hyperref/hpdftex.def
File: hpdftex.def 2012/11/06 v6.83m Hyperref driver for pdfTeX
\Fld@listcount=\count110
\c@bookmark@seq@number=\count111

(/usr/share/texlive/texmf-dist/tex/latex/oberdiek/rerunfilecheck.sty
Package: rerunfilecheck 2011/04/15 v1.7 Rerun checks for auxiliary files (HO)
Package uniquecounter Info: New unique counter `rerunfilecheck' on input line 2
82.
)
\Hy@SectionHShift=\skip46
)
Package hyperref Info: Option `colorlinks' set `true' on input line 36.

(/usr/share/texlive/texmf-dist/tex/latex/fancyhdr/fancyhdr.sty
\fancy@headwidth=\skip47
\f@ncyO@elh=\skip48
\f@ncyO@erh=\skip49
\f@ncyO@olh=\skip50
\f@ncyO@orh=\skip51
\f@ncyO@elf=\skip52
\f@ncyO@erf=\skip53
\f@ncyO@olf=\skip54
\f@ncyO@orf=\skip55
)
(/usr/share/texlive/texmf-dist/tex/latex/lastpage/lastpage.sty
Package: lastpage 2015/03/29 v1.2m Refers to last page's name (HMM; JPG)
)
\c@instn=\count112

(/usr/share/texlive/texmf-dist/tex/latex/titlesec/titlesec.sty
Package: titlesec 2016/03/15 v2.10.1 Sectioning titles
\ttl@box=\box28
\beforetitleunit=\skip56
\aftertitleunit=\skip57
\ttl@plus=\dimen128
\ttl@minus=\dimen129
\ttl@toksa=\toks21
\titlewidth=\dimen130
\titlewidthlast=\dimen131
\titlewidthfirst=\dimen132
)

! LaTeX Error: Environment author-info undefined.

See the LaTeX manual or LaTeX Companion for explanation.
Type  H <return>  for immediate help.
 ...                                              
                                                  
l.178 \renewenvironment{author-info}
                                    {%
Try typing  <return>  to proceed.
If that doesn't work, type  X <return>  to quit.

) (/usr/share/texlive/texmf-dist/tex/latex/graphics/graphicx.sty
Package: graphicx 2014/10/28 v1.0g Enhanced LaTeX Graphics (DPC,SPQR)

(/usr/share/texlive/texmf-dist/tex/latex/graphics/graphics.sty
Package: graphics 2016/01/03 v1.0q Standard LaTeX Graphics (DPC,SPQR)

(/usr/share/texlive/texmf-dist/tex/latex/graphics/trig.sty
Package: trig 2016/01/03 v1.10 sin cos tan (DPC)
)
(/usr/share/texlive/texmf-dist/tex/latex/latexconfig/graphics.cfg
File: graphics.cfg 2010/04/23 v1.9 graphics configuration of TeX Live
)
Package graphics Info: Driver file: pdftex.def on input line 95.

(/usr/share/texlive/texmf-dist/tex/latex/pdftex-def/pdftex.def
File: pdftex.def 2011/05/27 v0.06d Graphics/color for pdfTeX
\Gread@gobject=\count113
))
\Gin@req@height=\dimen133
\Gin@req@width=\dimen134
)
(/usr/share/texlive/texmf-dist/tex/latex/preprint/authblk.sty
Package: authblk 2001/02/27 1.3 (PWD)
\affilsep=\skip58
\@affilsep=\skip59
\c@Maxaffil=\count114
\c@authors=\count115
\c@affil=\count116
)
(/usr/share/texlive/texmf-dist/tex/latex/base/inputenc.sty
Package: inputenc 2015/03/17 v1.2c Input encoding file
\inpenc@prehook=\toks22
\inpenc@posthook=\toks23

(/usr/share/texlive/texmf-dist/tex/latex/base/utf8.def
File: utf8.def 2015/12/03 v1.1r UTF-8 support for inputenc
Now handling font encoding OML ...
... no UTF-8 mapping file for font encoding OML
Now handling font encoding T1 ...
... processing UTF-8 mapping file for font encoding T1

(/usr/share/texlive/texmf-dist/tex/latex/base/t1enc.dfu
File: t1enc.dfu 2015/12/03 v1.1r UTF-8 support for inputenc
   defining Unicode char U+00A0 (decimal 160)
   defining Unicode char U+00A1 (decimal 161)
   defining Unicode char U+00A3 (decimal 163)
   defining Unicode char U+00AB (decimal 171)
   defining Unicode char U+00AD (decimal 173)
   defining Unicode char U+00BB (decimal 187)
   defining Unicode char U+00BF (decimal 191)
   defining Unicode char U+00C0 (decimal 192)
   defining Unicode char U+00C1 (decimal 193)
   defining Unicode char U+00C2 (decimal 194)
   defining Unicode char U+00C3 (decimal 195)
   defining Unicode char U+00C4 (decimal 196)
   defining Unicode char U+00C5 (decimal 197)
   defining Unicode char U+00C6 (decimal 198)
   defining Unicode char U+00C7 (decimal 199)
   defining Unicode char U+00C8 (decimal 200)
   defining Unicode char U+00C9 (decimal 201)
   defining Unicode char U+00CA (decimal 202)
   defining Unicode char U+00CB (decimal 203)
   defining Unicode char U+00CC (decimal 204)
   defining Unicode char U+00CD (decimal 205)
   defining Unicode char U+00CE (decimal 206)
   defining Unicode char U+00CF (decimal 207)
   defining Unicode char U+00D0 (decimal 208)
   defining Unicode char U+00D1 (decimal 209)
   defining Unicode char U+00D2 (decimal 210)
   defining Unicode char U+00D3 (decimal 211)
   defining Unicode char U+00D4 (decimal 212)
   defining Unicode char U+00D5 (decimal 213)
   defining Unicode char U+00D6 (decimal 214)
   defining Unicode char U+00D8 (decimal 216)
   defining Unicode char U+00D9 (decimal 217)
   defining Unicode char U+00DA (decimal 218)
   defining Unicode char U+00DB (decimal 219)
   defining Unicode char U+00DC (decimal 220)
   defining Unicode char U+00DD (decimal 221)
   defining Unicode char U+00DE (decimal 222)
   defining Unicode char U+00DF (decimal 223)
   defining Unicode char U+00E0 (decimal 224)
   defining Unicode char U+00E1 (decimal 225)
   defining Unicode char U+00E2 (decimal 226)
   defining Unicode char U+00E3 (decimal 227)
   defining Unicode char U+00E4 (decimal 228)
   defining Unicode char U+00E5 (decimal 229)
   defining Unicode char U+00E6 (decimal 230)
   defining Unicode char U+00E7 (decimal 231)
   defining Unicode char U+00E8 (decimal 232)
   defining Unicode char U+00E9 (decimal 233)
   defining Unicode char U+00EA (decimal 234)
   defining Unicode char U+00EB (decimal 235)
   defining Unicode char U+00EC (decimal 236)
   defining Unicode char U+00ED (decimal 237)
   defining Unicode char U+00EE (decimal 238)
   defining Unicode char U+00EF (decimal 239)
   defining Unicode char U+00F0 (decimal 240)
   defining Unicode char U+00F1 (decimal 241)
   defining Unicode char U+00F2 (decimal 242)
   defining Unicode char U+00F3 (decimal 243)
   defining Unicode char U+00F4 (decimal 244)
   defining Unicode char U+00F5 (decimal 245)
   defining Unicode char U+00F6 (decimal 246)
   defining Unicode char U+00F8 (decimal 248)
   defining Unicode char U+00F9 (decimal 249)
   defining Unicode char U+00FA (decimal 250)
   defining Unicode char U+00FB (decimal 251)
   defining Unicode char U+00FC (decimal 252)
   defining Unicode char U+00FD (decimal 253)
   defining Unicode char U+00FE (decimal 254)
   defining Unicode char U+00FF (decimal 255)
   defining Unicode char U+0100 (decimal 256)
   defining Unicode char U+0101 (decimal 257)
   defining Unicode char U+0102 (decimal 258)
   defining Unicode char U+0103 (decimal 259)
   defining Unicode char U+0104 (decimal 260)
   defining Unicode char U+0105 (decimal 261)
   defining Unicode char U+0106 (decimal 262)
   defining Unicode char U+0107 (decimal 263)
   defining Unicode char U+0108 (decimal 264)
   defining Unicode char U+0109 (decimal 265)
   defining Unicode char U+010A (decimal 266)
   defining Unicode char U+010B (decimal 267)
   defining Unicode char U+010C (decimal 268)
   defining Unicode char U+010D (decimal 269)
   defining Unicode char U+010E (decimal 270)
   defining Unicode char U+010F (decimal 271)
   defining Unicode char U+0110 (decimal 272)
   defining Unicode char U+0111 (decimal 273)
   defining Unicode char U+0112 (decimal 274)
   defining Unicode char U+0113 (decimal 275)
   defining Unicode char U+0114 (decimal 276)
   defining Unicode char U+0115 (decimal 277)
   defining Unicode char U+0116 (decimal 278)
   defining Unicode char U+0117 (decimal 279)
   defining Unicode char U+0118 (decimal 280)
   defining Unicode char U+0119 (decimal 281)
   defining Unicode char U+011A (decimal 282)
   defining Unicode char U+011B (decimal 283)
   defining Unicode char U+011C (decimal 284)
   defining Unicode char U+011D (decimal 285)
   defining Unicode char U+011E (decimal 286)
   defining Unicode char U+011F (decimal 287)
   defining Unicode char U+0120 (decimal 288)
   defining Unicode char U+0121 (decimal 289)
   defining Unicode char U+0122 (decimal 290)
   defining Unicode char U+0123 (decimal 291)
   defining Unicode char U+0124 (decimal 292)
   defining Unicode char U+0125 (decimal 293)
   defining Unicode char U+0128 (decimal 296)
   defining Unicode char U+0129 (decimal 297)
   defining Unicode char U+012A (decimal 298)
   defining Unicode char U+012B (decimal 299)
   defining Unicode char U+012C (decimal 300)
   defining Unicode char U+012D (decimal 301)
   defining Unicode char U+012E (decimal 302)
   defining Unicode char U+012F (decimal 303)
   defining Unicode char U+0130 (decimal 304)
   defining Unicode char U+0131 (decimal 305)
   defining Unicode char U+0132 (decimal 306)
   defining Unicode char U+0133 (decimal 307)
   defining Unicode char U+0134 (decimal 308)
   defining Unicode char U+0135 (decimal 309)
   defining Unicode char U+0136 (decimal 310)
   defining Unicode char U+0137 (decimal 311)
   defining Unicode char U+0139 (decimal 313)
   defining Unicode char U+013A (decimal 314)
   defining Unicode char U+013B (decimal 315)
   defining Unicode char U+013C (decimal 316)
   defining Unicode char U+013D (decimal 317)
   defining Unicode char U+013E (decimal 318)
   defining Unicode char U+0141 (decimal 321)
   defining Unicode char U+0142 (decimal 322)
   defining Unicode char U+0143 (decimal 323)
   defining Unicode char U+0144 (decimal 324)
   defining Unicode char U+0145 (decimal 325)
   defining Unicode char U+0146 (decimal 326)
   defining Unicode char U+0147 (decimal 327)
   defining Unicode char U+0148 (decimal 328)
   defining Unicode char U+014A (decimal 330)
   defining Unicode char U+014B (decimal 331)
   defining Unicode char U+014C (decimal 332)
   defining Unicode char U+014D (decimal 333)
   defining Unicode char U+014E (decimal 334)
   defining Unicode char U+014F (decimal 335)
   defining Unicode char U+0150 (decimal 336)
   defining Unicode char U+0151 (decimal 337)
   defining Unicode char U+0152 (decimal 338)
   defining Unicode char U+0153 (decimal 339)
   defining Unicode char U+0154 (decimal 340)
   defining Unicode char U+0155 (decimal 341)
   defining Unicode char U+0156 (decimal 342)
   defining Unicode char U+0157 (decimal 343)
   defining Unicode char U+0158 (decimal 344)
   defining Unicode char U+0159 (decimal 345)
   defining Unicode char U+015A (decimal 346)
   defining Unicode char U+015B (decimal 347)
   defining Unicode char U+015C (decimal 348)
   defining Unicode char U+015D (decimal 349)
   defining Unicode char U+015E (decimal 350)
   defining Unicode char U+015F (decimal 351)
   defining Unicode char U+0160 (decimal 352)
   defining Unicode char U+0161 (decimal 353)
   defining Unicode char U+0162 (decimal 354)
   defining Unicode char U+0163 (decimal 355)
   defining Unicode char U+0164 (decimal 356)
   defining Unicode char U+0165 (decimal 357)
   defining Unicode char U+0168 (decimal 360)
   defining Unicode char U+0169 (decimal 361)
   defining Unicode char U+016A (decimal 362)
   defining Unicode char U+016B (decimal 363)
   defining Unicode char U+016C (decimal 364)
   defining Unicode char U+016D (decimal 365)
   defining Unicode char U+016E (decimal 366)
   defining Unicode char U+016F (decimal 367)
   defining Unicode char U+0170 (decimal 368)
   defining Unicode char U+0171 (decimal 369)
   defining Unicode char U+0172 (decimal 370)
   defining Unicode char U+0173 (decimal 371)
   defining Unicode char U+0174 (decimal 372)
   defining Unicode char U+0175 (decimal 373)
   defining Unicode char U+0176 (decimal 374)
   defining Unicode char U+0177 (decimal 375)
   defining Unicode char U+0178 (decimal 376)
   defining Unicode char U+0179 (decimal 377)
   defining Unicode char U+017A (decimal 378)
   defining Unicode char U+017B (decimal 379)
   defining Unicode char U+017C (decimal 380)
   defining Unicode char U+017D (decimal 381)
   defining Unicode char U+017E (decimal 382)
   defining Unicode char U+01CD (decimal 461)
   defining Unicode char U+01CE (decimal 462)
   defining Unicode char U+01CF (decimal 463)
   defining Unicode char U+01D0 (decimal 464)
   defining Unicode char U+01D1 (decimal 465)
   defining Unicode char U+01D2 (decimal 466)
   defining Unicode char U+01D3 (decimal 467)
   defining Unicode char U+01D4 (decimal 468)
   defining Unicode char U+01E2 (decimal 482)
   defining Unicode char U+01E3 (decimal 483)
   defining Unicode char U+01E6 (decimal 486)
   defining Unicode char U+01E7 (decimal 487)
   defining Unicode char U+01E8 (decimal 488)
   defining Unicode char U+01E9 (decimal 489)
   defining Unicode char U+01EA (decimal 490)
   defining Unicode char U+01EB (decimal 491)
   defining Unicode char U+01F0 (decimal 496)
   defining Unicode char U+01F4 (decimal 500)
   defining Unicode char U+01F5 (decimal 501)
   defining Unicode char U+0218 (decimal 536)
   defining Unicode char U+0219 (decimal 537)
   defining Unicode char U+021A (decimal 538)
   defining Unicode char U+021B (decimal 539)
   defining Unicode char U+01E02 (decimal 7682)
   defining Unicode char U+01E03 (decimal 7683)
   defining Unicode char U+200C (decimal 8204)
   defining Unicode char U+2013 (decimal 8211)
   defining Unicode char U+2014 (decimal 8212)
   defining Unicode char U+2018 (decimal 8216)
   defining Unicode char U+2019 (decimal 8217)
   defining Unicode char U+201A (decimal 8218)
   defining Unicode char U+201C (decimal 8220)
   defining Unicode char U+201D (decimal 8221)
   defining Unicode char U+201E (decimal 8222)
   defining Unicode char U+2030 (decimal 8240)
   defining Unicode char U+2031 (decimal 8241)
   defining Unicode char U+2039 (decimal 8249)
   defining Unicode char U+203A (decimal 8250)
   defining Unicode char U+2423 (decimal 9251)
)
Now handling font encoding OT1 ...
... processing UTF-8 mapping file for font encoding OT1

(/usr/share/texlive/texmf-dist/tex/latex/base/ot1enc.dfu
File: ot1enc.dfu 2015/12/03 v1.1r UTF-8 support for inputenc
   defining Unicode char U+00A0 (decimal 160)
   defining Unicode char U+00A1 (decimal 161)
   defining Unicode char U+00A3 (decimal 163)
   defining Unicode char U+00AD (decimal 173)
   defining Unicode char U+00B8 (decimal 184)
   defining Unicode char U+00BF (decimal 191)
   defining Unicode char U+00C5 (decimal 197)
   defining Unicode char U+00C6 (decimal 198)
   defining Unicode char U+00D8 (decimal 216)
   defining Unicode char U+00DF (decimal 223)
   defining Unicode char U+00E6 (decimal 230)
   defining Unicode char U+00EC (decimal 236)
   defining Unicode char U+00ED (decimal 237)
   defining Unicode char U+00EE (decimal 238)
   defining Unicode char U+00EF (decimal 239)
   defining Unicode char U+00F8 (decimal 248)
   defining Unicode char U+0131 (decimal 305)
   defining Unicode char U+0141 (decimal 321)
   defining Unicode char U+0142 (decimal 322)
   defining Unicode char U+0152 (decimal 338)
   defining Unicode char U+0153 (decimal 339)
   defining Unicode char U+0174 (decimal 372)
   defining Unicode char U+0175 (decimal 373)
   defining Unicode char U+0176 (decimal 374)
   defining Unicode char U+0177 (decimal 375)
   defining Unicode char U+0218 (decimal 536)
   defining Unicode char U+0219 (decimal 537)
   defining Unicode char U+021A (decimal 538)
   defining Unicode char U+021B (decimal 539)
   defining Unicode char U+2013 (decimal 8211)
   defining Unicode char U+2014 (decimal 8212)
   defining Unicode char U+2018 (decimal 8216)
   defining Unicode char U+2019 (decimal 8217)
   defining Unicode char U+201C (decimal 8220)
   defining Unicode char U+201D (decimal 8221)
)
Now handling font encoding OMS ...
... processing UTF-8 mapping file for font encoding OMS

(/usr/share/texlive/texmf-dist/tex/latex/base/omsenc.dfu
File: omsenc.dfu 2015/12/03 v1.1r UTF-8 support for inputenc
   defining Unicode char U+00A7 (decimal 167)
   defining Unicode char U+00B6 (decimal 182)
   defining Unicode char U+00B7 (decimal 183)
   defining Unicode char U+2020 (decimal 8224)
   defining Unicode char U+2021 (decimal 8225)
   defining Unicode char U+2022 (decimal 8226)
)
Now handling font encoding OMX ...
... no UTF-8 mapping file for font encoding OMX
Now handling font encoding U ...
... no UTF-8 mapping file for font encoding U
Now handling font encoding PD1 ...
... no UTF-8 mapping file for font encoding PD1
   defining Unicode char U+00A9 (decimal 169)
   defining Unicode char U+00AA (decimal 170)
   defining Unicode char U+00AE (decimal 174)
   defining Unicode char U+00BA (decimal 186)
   defining Unicode char U+02C6 (decimal 710)
   defining Unicode char U+02DC (decimal 732)
   defining Unicode char U+200C (decimal 8204)
   defining Unicode char U+2026 (decimal 8230)
   defining Unicode char U+2122 (decimal 8482)
   defining Unicode char U+2423 (decimal 9251)
)) (./sbc-template.aux)
\openout1 = `sbc-template.aux'.

LaTeX Font Info:    Checking defaults for OML/cmm/m/it on input line 31.
LaTeX Font Info:    ... okay on input line 31.
LaTeX Font Info:    Checking defaults for T1/cmr/m/n on input line 31.
LaTeX Font Info:    ... okay on input line 31.
LaTeX Font Info:    Checking defaults for OT1/cmr/m/n on input line 31.
LaTeX Font Info:    ... okay on input line 31.
LaTeX Font Info:    Checking defaults for OMS/cmsy/m/n on input line 31.
LaTeX Font Info:    ... okay on input line 31.
LaTeX Font Info:    Checking defaults for OMX/cmex/m/n on input line 31.
LaTeX Font Info:    ... okay on input line 31.
LaTeX Font Info:    Checking defaults for U/cmr/m/n on input line 31.
LaTeX Font Info:    ... okay on input line 31.
LaTeX Font Info:    Checking defaults for PD1/pdf/m/n on input line 31.
LaTeX Font Info:    ... okay on input line 31.

*geometry* driver: auto-detecting
*geometry* detected driver: pdftex
*geometry* verbose mode - [ preamble ] result:
* driver: pdftex
* paper: a4paper
* layout: <same size as paper>
* layoutoffset:(h,v)=(0.0pt,0.0pt)
* modes: 
* h-part:(L,W,R)=(85.35826pt, 426.79135pt, 85.35826pt)
* v-part:(T,H,B)=(71.13188pt, 674.33032pt, 99.58464pt)
* \paperwidth=597.50787pt
* \paperheight=845.04684pt
* \textwidth=426.79135pt
* \textheight=674.33032pt
* \oddsidemargin=13.08827pt
* \evensidemargin=13.08827pt
* \topmargin=-38.1381pt
* \headheight=12.0pt
* \headsep=25.0pt
* \topskip=12.0pt
* \footskip=30.0pt
* \marginparwidth=44.0pt
* \marginparsep=10.0pt
* \columnsep=10.0pt
* \skip\footins=10.8pt plus 4.0pt minus 2.0pt
* \hoffset=0.0pt
* \voffset=0.0pt
* \mag=1000
* \@twocolumnfalse
* \@twosidefalse
* \@mparswitchfalse
* \@reversemarginfalse
* (1in=72.27pt=25.4mm, 1cm=28.453pt)

\AtBeginShipoutBox=\box29
(/usr/share/texlive/texmf-dist/tex/latex/graphics/color.sty
Package: color 2016/01/03 v1.1b Standard LaTeX Color (DPC)

(/usr/share/texlive/texmf-dist/tex/latex/latexconfig/color.cfg
File: color.cfg 2007/01/18 v1.5 color configuration of teTeX/TeXLive
)
Package color Info: Driver file: pdftex.def on input line 143.
)
Package hyperref Info: Link coloring ON on input line 31.

(/usr/share/texlive/texmf-dist/tex/latex/hyperref/nameref.sty
Package: nameref 2012/10/27 v2.43 Cross-referencing by name of section

(/usr/share/texlive/texmf-dist/tex/generic/oberdiek/gettitlestring.sty
Package: gettitlestring 2010/12/03 v1.4 Cleanup title references (HO)
)
\c@section@level=\count117
)
LaTeX Info: Redefining \ref on input line 31.
LaTeX Info: Redefining \pageref on input line 31.
LaTeX Info: Redefining \nameref on input line 31.

(./sbc-template.out) (./sbc-template.out)
\@outlinefile=\write3
\openout3 = `sbc-template.out'.

Package lastpage Info: Please have a look at the pageslts package at
(lastpage)             https://www.ctan.org/pkg/pageslts
(lastpage)             ! on input line 31.

(/usr/share/texlive/texmf-dist/tex/context/base/supp-pdf.mkii
[Loading MPS to PDF converter (version 2006.09.02).]
\scratchcounter=\count118
\scratchdimen=\dimen135
\scratchbox=\box30
\nofMPsegments=\count119
\nofMParguments=\count120
\everyMPshowfont=\toks24
\MPscratchCnt=\count121
\MPscratchDim=\dimen136
\MPnumerator=\count122
\makeMPintoPDFobject=\count123
\everyMPtoPDFconversion=\toks25
) (/usr/share/texlive/texmf-dist/tex/latex/oberdiek/epstopdf-base.sty
Package: epstopdf-base 2010/02/09 v2.5 Base part for package epstopdf

(/usr/share/texlive/texmf-dist/tex/latex/oberdiek/grfext.sty
Package: grfext 2010/08/19 v1.1 Manage graphics extensions (HO)
)
Package grfext Info: Graphics extension search list:
(grfext)             [.png,.pdf,.jpg,.mps,.jpeg,.jbig2,.jb2,.PNG,.PDF,.JPG,.JPE
G,.JBIG2,.JB2,.eps]
(grfext)             \AppendGraphicsExtensions on input line 452.

(/usr/share/texlive/texmf-dist/tex/latex/latexconfig/epstopdf-sys.cfg
File: epstopdf-sys.cfg 2010/07/13 v1.3 Configuration of (r)epstopdf for TeX Liv
e
))

LaTeX Font Warning: Font shape `T1/cmr/m/n' in size <16> not available
(Font)              size <17.28> substituted on input line 32.


LaTeX Font Warning: Font shape `T1/cmr/bx/n' in size <16> not available
(Font)              size <17.28> substituted on input line 32.

! Undefined control sequence.
\@maketitle ...ze \begin {tabular}[t]{c}\@address 
                                                  \end {tabular}\par } \vglu...
l.32 \maketitle
               
The control sequence at the end of the top line
of your error message was never \def'ed. If you have
misspelled it (e.g., `\hobx'), type `I' and the correct
spelling (e.g., `I\hbox'). Otherwise just continue,
and I'll forget about whatever was undefined.

! You can't use `\relax' after \advance.
<argument> \advance \relax 
                           \leftmargin =0.8cm \labelwidth =\z@ \listparinden...
l.33 \begin{abstract}
                     
I'm forgetting what you said and not changing anything.


! LaTeX Error: Something's wrong--perhaps a missing \item.

See the LaTeX manual or LaTeX Companion for explanation.
Type  H <return>  for immediate help.
 ...                                              
                                                  
l.35 \begin{center}
                   \textbf{ABSTRACT}\end{center}
Try typing  <return>  to proceed.
If that doesn't work, type  X <return>  to quit.


LaTeX Font Warning: Font shape `T1/cmr/m/n' in size <13> not available
(Font)              size <12> substituted on input line 43.


LaTeX Font Warning: Font shape `T1/cmr/bx/n' in size <13> not available
(Font)              size <12> substituted on input line 43.


Underfull \hbox (badness 1377) in paragraph at lines 53--55
\T1/cmr/m/n/12 along with its math-e-mat-i-cal, phys-i-cal and vi-su-al-iza-tio
n model.It also em-u-
 []

<sim.png, id=192, 1220.56pt x 673.51625pt>
File: sim.png Graphic file (type png)
 <use sim.png>
Package pdftex.def Info: sim.png used on input line 55.
(pdftex.def)             Requested size: 183.0761pt x 101.02307pt.

<image22.png, id=193, 341.275pt x 447.6725pt>
File: image22.png Graphic file (type png)
 <use image22.png>
Package pdftex.def Info: image22.png used on input line 59.
(pdftex.def)             Requested size: 170.63707pt x 223.8357pt.
 [1

{/var/lib/texmf/fonts/map/pdftex/updmap/pdftex.map} <./sim.png>]

! LaTeX Error: There's no line here to end.

See the LaTeX manual or LaTeX Companion for explanation.
Type  H <return>  for immediate help.
 ...                                              
                                                  
l.61 
     
Your command was ignored.
Type  I <command> <return>  to replace it with another command,
or  <return>  to continue without it.

! Missing $ inserted.
<inserted text> 
                $
l.66 ...nted by  a  two-element  ordered  set(\rho
                                                  ;\theta).\  $\rho$  is  th...
I've inserted a begin-math/end-math symbol since I think
you left one out. Proceed, with fingers crossed.

! Missing $ inserted.
<inserted text> 
                $
l.66 ...lement  ordered  set(\rho;\theta).\  $\rho
                                                  $  is  the  perpendicular ...
I've inserted a begin-math/end-math symbol since I think
you left one out. Proceed, with fingers crossed.

! Double subscript.
l.66 ...s  with  the X axis  of image.   Let $L_r_
                                                  a_w$= \{ ($\rho$; $\theta$...
I treat `x_1_2' essentially like `x_1{}_2'.

! Double subscript.
l.66 ... with  the X axis  of image.   Let $L_r_a_
                                                  w$= \{ ($\rho$; $\theta$) ...
I treat `x_1_2' essentially like `x_1{}_2'.

! Missing $ inserted.
<inserted text> 
                $
l.66 ...  Let $L_r_a_w$= \{ ($\rho$; $\theta$) \in
                                                   \  $R^2$ | \rho \geq 0;\ ...
I've inserted a begin-math/end-math symbol since I think
you left one out. Proceed, with fingers crossed.

! Missing $ inserted.
<inserted text> 
                $
l.66 ...L_r_a_w$= \{ ($\rho$; $\theta$) \in \  $R^
                                                  2$ | \rho \geq 0;\ -\pi \ ...
I've inserted a begin-math/end-math symbol since I think
you left one out. Proceed, with fingers crossed.

! Missing $ inserted.
<inserted text> 
                $
l.66 ... \{ ($\rho$; $\theta$) \in \  $R^2$ | \rho
                                                   \geq 0;\ -\pi \ \leq \the...
I've inserted a begin-math/end-math symbol since I think
you left one out. Proceed, with fingers crossed.

! Missing $ inserted.
<inserted text> 
                $
l.68  $L_
         r_a_w$ = $L_i_n_l_i_e_r_s$ \bigcup \  $L_o_u_t_l_i_e_r_s$ \ , where...
I've inserted a begin-math/end-math symbol since I think
you left one out. Proceed, with fingers crossed.

! Double subscript.
l.68  $L_r_
           a_w$ = $L_i_n_l_i_e_r_s$ \bigcup \  $L_o_u_t_l_i_e_r_s$ \ , where...
I treat `x_1_2' essentially like `x_1{}_2'.

! Double subscript.
l.68  $L_r_a_
             w$ = $L_i_n_l_i_e_r_s$ \bigcup \  $L_o_u_t_l_i_e_r_s$ \ , where...
I treat `x_1_2' essentially like `x_1{}_2'.

! Double subscript.
l.68  $L_r_a_w$ = $L_i_
                       n_l_i_e_r_s$ \bigcup \  $L_o_u_t_l_i_e_r_s$ \ , where...
I treat `x_1_2' essentially like `x_1{}_2'.

! Double subscript.
l.68  $L_r_a_w$ = $L_i_n_
                         l_i_e_r_s$ \bigcup \  $L_o_u_t_l_i_e_r_s$ \ , where...
I treat `x_1_2' essentially like `x_1{}_2'.

! Double subscript.
l.68  $L_r_a_w$ = $L_i_n_l_
                           i_e_r_s$ \bigcup \  $L_o_u_t_l_i_e_r_s$ \ , where...
I treat `x_1_2' essentially like `x_1{}_2'.

! Double subscript.
l.68  $L_r_a_w$ = $L_i_n_l_i_
                             e_r_s$ \bigcup \  $L_o_u_t_l_i_e_r_s$ \ , where...
I treat `x_1_2' essentially like `x_1{}_2'.

! Double subscript.
l.68  $L_r_a_w$ = $L_i_n_l_i_e_
                               r_s$ \bigcup \  $L_o_u_t_l_i_e_r_s$ \ , where...
I treat `x_1_2' essentially like `x_1{}_2'.

! Double subscript.
l.68  $L_r_a_w$ = $L_i_n_l_i_e_r_
                                 s$ \bigcup \  $L_o_u_t_l_i_e_r_s$ \ , where...
I treat `x_1_2' essentially like `x_1{}_2'.

! Missing $ inserted.
<inserted text> 
                $
l.68  $L_r_a_w$ = $L_i_n_l_i_e_r_s$ \bigcup
                                            \  $L_o_u_t_l_i_e_r_s$ \ , where...
I've inserted a begin-math/end-math symbol since I think
you left one out. Proceed, with fingers crossed.

! Missing $ inserted.
<inserted text> 
                $
l.68  $L_r_a_w$ = $L_i_n_l_i_e_r_s$ \bigcup \  $L_
                                                  o_u_t_l_i_e_r_s$ \ , where...
I've inserted a begin-math/end-math symbol since I think
you left one out. Proceed, with fingers crossed.

! Double subscript.
l.68 ..._a_w$ = $L_i_n_l_i_e_r_s$ \bigcup \  $L_o_
                                                  u_t_l_i_e_r_s$ \ , where $...
I treat `x_1_2' essentially like `x_1{}_2'.

! Double subscript.
l.68 ..._w$ = $L_i_n_l_i_e_r_s$ \bigcup \  $L_o_u_
                                                  t_l_i_e_r_s$ \ , where $L_...
I treat `x_1_2' essentially like `x_1{}_2'.

! Double subscript.
l.68 ...$ = $L_i_n_l_i_e_r_s$ \bigcup \  $L_o_u_t_
                                                  l_i_e_r_s$ \ , where $L_i_...
I treat `x_1_2' essentially like `x_1{}_2'.

! Double subscript.
l.68 ...= $L_i_n_l_i_e_r_s$ \bigcup \  $L_o_u_t_l_
                                                  i_e_r_s$ \ , where $L_i_n_...
I treat `x_1_2' essentially like `x_1{}_2'.

! Double subscript.
l.68 ...$L_i_n_l_i_e_r_s$ \bigcup \  $L_o_u_t_l_i_
                                                  e_r_s$ \ , where $L_i_n_l_...
I treat `x_1_2' essentially like `x_1{}_2'.

! Double subscript.
l.68 ..._i_n_l_i_e_r_s$ \bigcup \  $L_o_u_t_l_i_e_
                                                  r_s$ \ , where $L_i_n_l_i_...
I treat `x_1_2' essentially like `x_1{}_2'.

! Double subscript.
l.68 ..._n_l_i_e_r_s$ \bigcup \  $L_o_u_t_l_i_e_r_
                                                  s$ \ , where $L_i_n_l_i_e_...
I treat `x_1_2' essentially like `x_1{}_2'.

! Double subscript.
l.68 ...cup \  $L_o_u_t_l_i_e_r_s$ \ , where $L_i_
                                                  n_l_i_e_r_i_s$  a  set  of...
I treat `x_1_2' essentially like `x_1{}_2'.

! Double subscript.
l.68 ...p \  $L_o_u_t_l_i_e_r_s$ \ , where $L_i_n_
                                                  l_i_e_r_i_s$  a  set  of  ...
I treat `x_1_2' essentially like `x_1{}_2'.

! Double subscript.
l.68 ...\  $L_o_u_t_l_i_e_r_s$ \ , where $L_i_n_l_
                                                  i_e_r_i_s$  a  set  of  li...
I treat `x_1_2' essentially like `x_1{}_2'.

! Double subscript.
l.68 ... $L_o_u_t_l_i_e_r_s$ \ , where $L_i_n_l_i_
                                                  e_r_i_s$  a  set  of  line...
I treat `x_1_2' essentially like `x_1{}_2'.

! Double subscript.
l.68 ...L_o_u_t_l_i_e_r_s$ \ , where $L_i_n_l_i_e_
                                                  r_i_s$  a  set  of  lines ...
I treat `x_1_2' essentially like `x_1{}_2'.

! Double subscript.
l.68 ...o_u_t_l_i_e_r_s$ \ , where $L_i_n_l_i_e_r_
                                                  i_s$  a  set  of  lines  t...
I treat `x_1_2' essentially like `x_1{}_2'.

! Double subscript.
l.68 ...u_t_l_i_e_r_s$ \ , where $L_i_n_l_i_e_r_i_
                                                  s$  a  set  of  lines  tha...
I treat `x_1_2' essentially like `x_1{}_2'.

! Double subscript.
l.68 ...  that  belong  to  grid-lines,  and $L_o_
                                                  u_t_l_i_e_r$ \ is  the set...
I treat `x_1_2' essentially like `x_1{}_2'.

! Double subscript.
l.68 ...that  belong  to  grid-lines,  and $L_o_u_
                                                  t_l_i_e_r$ \ is  the set o...
I treat `x_1_2' essentially like `x_1{}_2'.

! Double subscript.
l.68 ...at  belong  to  grid-lines,  and $L_o_u_t_
                                                  l_i_e_r$ \ is  the set of ...
I treat `x_1_2' essentially like `x_1{}_2'.

! Double subscript.
l.68 ...  belong  to  grid-lines,  and $L_o_u_t_l_
                                                  i_e_r$ \ is  the set of li...
I treat `x_1_2' essentially like `x_1{}_2'.

! Double subscript.
l.68 ...belong  to  grid-lines,  and $L_o_u_t_l_i_
                                                  e_r$ \ is  the set of line...
I treat `x_1_2' essentially like `x_1{}_2'.

! Double subscript.
l.68 ...long  to  grid-lines,  and $L_o_u_t_l_i_e_
                                                  r$ \ is  the set of lines ...
I treat `x_1_2' essentially like `x_1{}_2'.

! Missing $ inserted.
<inserted text> 
                $
l.68 ... a line is represented by a point in (\rho
                                                  ;\theta) \ space.
I've inserted a begin-math/end-math symbol since I think
you left one out. Proceed, with fingers crossed.

! Missing $ inserted.
<inserted text> 
                $
l.69 \subsubsection{Detecting the Grid}
                                       
I've inserted a begin-math/end-math symbol since I think
you left one out. Proceed, with fingers crossed.

[2 <./image22.png>]

LaTeX Font Warning: Font shape `T1/cmr/m/it' in size <13> not available
(Font)              size <12> substituted on input line 69.

! Double subscript.
l.71 ...el  on  the  set of  detected  lines $L_r_
                                                  a_w$ .  RANSAC  is  perfor...
I treat `x_1_2' essentially like `x_1{}_2'.

! Double subscript.
l.71 ...  on  the  set of  detected  lines $L_r_a_
                                                  w$ .  RANSAC  is  performe...
I treat `x_1_2' essentially like `x_1{}_2'.

! Double subscript.
l.71 ...est  sets  of  parallel  lines  from $L_r_
                                                  a_w$ .  Further,  the set ...
I treat `x_1_2' essentially like `x_1{}_2'.

! Double subscript.
l.71 ...t  sets  of  parallel  lines  from $L_r_a_
                                                  w$ .  Further,  the set  o...
I treat `x_1_2' essentially like `x_1{}_2'.

! Double subscript.
l.71 ...\theta$ closer  to 0 is  denoted  as $L_l_
                                                  o_n_g$ and  that  closer  ...
I treat `x_1_2' essentially like `x_1{}_2'.

! Double subscript.
l.71 ...heta$ closer  to 0 is  denoted  as $L_l_o_
                                                  n_g$ and  that  closer  to...
I treat `x_1_2' essentially like `x_1{}_2'.

! Double subscript.
l.71 ...ta$ closer  to 0 is  denoted  as $L_l_o_n_
                                                  g$ and  that  closer  to $...
I treat `x_1_2' essentially like `x_1{}_2'.

! Double subscript.
l.71 ...at  closer  to $\pi$/2 is denoted as $L_l_
                                                  a_t$ . Hence, the filtered...
I treat `x_1_2' essentially like `x_1{}_2'.

! Double subscript.
l.71 ...  closer  to $\pi$/2 is denoted as $L_l_a_
                                                  t$ . Hence, the filtered s...
I treat `x_1_2' essentially like `x_1{}_2'.

! Double subscript.
l.71 ...$ . Hence, the filtered set of lines $L_f_
                                                  i_l$ , that contains  only...
I treat `x_1_2' essentially like `x_1{}_2'.

! Double subscript.
l.71 .... Hence, the filtered set of lines $L_f_i_
                                                  l$ , that contains  only  ...
I treat `x_1_2' essentially like `x_1{}_2'.

! Double subscript.
l.71 ... in  mean $\theta$ is  generated  as $L_f_
                                                  i_l$ = \ $L_l_o_n_g$ \bigc...
I treat `x_1_2' essentially like `x_1{}_2'.

! Double subscript.
l.71 ...n  mean $\theta$ is  generated  as $L_f_i_
                                                  l$ = \ $L_l_o_n_g$ \bigcup...
I treat `x_1_2' essentially like `x_1{}_2'.

! Double subscript.
l.71 ...eta$ is  generated  as $L_f_i_l$ = \ $L_l_
                                                  o_n_g$ \bigcup \ $L_l_a_t$
I treat `x_1_2' essentially like `x_1{}_2'.

! Double subscript.
l.71 ...a$ is  generated  as $L_f_i_l$ = \ $L_l_o_
                                                  n_g$ \bigcup \ $L_l_a_t$
I treat `x_1_2' essentially like `x_1{}_2'.

! Double subscript.
l.71 ... is  generated  as $L_f_i_l$ = \ $L_l_o_n_
                                                  g$ \bigcup \ $L_l_a_t$
I treat `x_1_2' essentially like `x_1{}_2'.

! Missing $ inserted.
<inserted text> 
                $
l.71 ...ated  as $L_f_i_l$ = \ $L_l_o_n_g$ \bigcup
                                                   \ $L_l_a_t$
I've inserted a begin-math/end-math symbol since I think
you left one out. Proceed, with fingers crossed.

! Missing $ inserted.
<inserted text> 
                $
l.71 ...as $L_f_i_l$ = \ $L_l_o_n_g$ \bigcup \ $L_
                                                  l_a_t$
I've inserted a begin-math/end-math symbol since I think
you left one out. Proceed, with fingers crossed.

! Double subscript.
l.71 ... $L_f_i_l$ = \ $L_l_o_n_g$ \bigcup \ $L_l_
                                                  a_t$
I treat `x_1_2' essentially like `x_1{}_2'.

! Double subscript.
l.71 ...L_f_i_l$ = \ $L_l_o_n_g$ \bigcup \ $L_l_a_
                                                  t$
I treat `x_1_2' essentially like `x_1{}_2'.

! Double subscript.
l.73 ...  probability  density  of $\rho$ in $L_l_
                                                  a_t$ and $L_l_o_n_g$ indiv...
I treat `x_1_2' essentially like `x_1{}_2'.

! Double subscript.
l.73 ...probability  density  of $\rho$ in $L_l_a_
                                                  t$ and $L_l_o_n_g$ individ...
I treat `x_1_2' essentially like `x_1{}_2'.

! Double subscript.
l.73 ... density  of $\rho$ in $L_l_a_t$ and $L_l_
                                                  o_n_g$ individually, as gi...
I treat `x_1_2' essentially like `x_1{}_2'.

! Double subscript.
l.73 ...ensity  of $\rho$ in $L_l_a_t$ and $L_l_o_
                                                  n_g$ individually, as give...
I treat `x_1_2' essentially like `x_1{}_2'.

! Double subscript.
l.73 ...sity  of $\rho$ in $L_l_a_t$ and $L_l_o_n_
                                                  g$ individually, as given by
I treat `x_1_2' essentially like `x_1{}_2'.

! Display math should end with $$.
<to be read again> 
                   f
l.75 $f
       _b($\rho$)$ \  = \frac{1}{nb} $\sum\limits_{i=1}^{n}$ K\left(\frac{\r...
The `$' that I just saw supposedly matches a previous `$$'.
So I shall assume that you typed `$$' both times.

! Missing $ inserted.
<inserted text> 
                $
l.75 $f_
        b($\rho$)$ \  = \frac{1}{nb} $\sum\limits_{i=1}^{n}$ K\left(\frac{\r...
I've inserted a begin-math/end-math symbol since I think
you left one out. Proceed, with fingers crossed.

! Missing $ inserted.
<inserted text> 
                $
l.75 $f_b($\rho
               $)$ \  = \frac{1}{nb} $\sum\limits_{i=1}^{n}$ K\left(\frac{\r...
I've inserted a begin-math/end-math symbol since I think
you left one out. Proceed, with fingers crossed.

! Missing $ inserted.
<inserted text> 
                $
l.75 $f_b($\rho$)$ \  = \frac{1}{nb} $\sum
                                          \limits_{i=1}^{n}$ K\left(\frac{\r...
I've inserted a begin-math/end-math symbol since I think
you left one out. Proceed, with fingers crossed.

! Missing $ inserted.
<inserted text> 
                $
l.75 ...frac{1}{nb} $\sum\limits_{i=1}^{n}$ K\left
                                                  (\frac{\rho - \rho_i}{b}\r...
I've inserted a begin-math/end-math symbol since I think
you left one out. Proceed, with fingers crossed.

! Missing $ inserted.
<inserted text> 
                $
l.76 \end{equation*}
                     \\
I've inserted something that you may have forgotten.
(See the <inserted text> above.)
With luck, this will get me unwedged. But if you
really didn't forget anything, try typing `2' now; then
my insertion and my current dilemma will both disappear.


Underfull \hbox (badness 10000) in paragraph at lines 75--77

 []

<grid2.JPG, id=217, 446.26724pt x 162.00525pt>
File: grid2.JPG Graphic file (type jpg)
 <use grid2.JPG>
Package pdftex.def Info: grid2.JPG used on input line 78.
(pdftex.def)             Requested size: 267.7624pt x 97.20389pt.
LaTeX Font Info:    Try loading font information for OMS+cmr on input line 83.

(/usr/share/texlive/texmf-dist/tex/latex/base/omscmr.fd
File: omscmr.fd 2014/09/29 v2.5h Standard LaTeX font definitions
)
LaTeX Font Info:    Font shape `OMS/cmr/m/n' in size <12> not available
(Font)              Font shape `OMS/cmsy/m/n' tried instead on input line 83.

! Double subscript.
l.83 ...ce,  the slopes of the linear curves $m_l_
                                                  a_t$ and $m_l_o_n_g$ , joi...
I treat `x_1_2' essentially like `x_1{}_2'.

! Double subscript.
l.83 ...,  the slopes of the linear curves $m_l_a_
                                                  t$ and $m_l_o_n_g$ , joini...
I treat `x_1_2' essentially like `x_1{}_2'.

! Double subscript.
l.83 ...s of the linear curves $m_l_a_t$ and $m_l_
                                                  o_n_g$ , joining the order...
I treat `x_1_2' essentially like `x_1{}_2'.

! Double subscript.
l.83 ...of the linear curves $m_l_a_t$ and $m_l_o_
                                                  n_g$ , joining the ordered...
I treat `x_1_2' essentially like `x_1{}_2'.

! Double subscript.
l.83 ... the linear curves $m_l_a_t$ and $m_l_o_n_
                                                  g$ , joining the ordered s...
I treat `x_1_2' essentially like `x_1{}_2'.

! Double subscript.
l.83 ...rdered sets  of  parallel  lines  in $L_l_
                                                  a_t$ and $L_l_o_n_g$ are  ...
I treat `x_1_2' essentially like `x_1{}_2'.

! Double subscript.
l.83 ...ered sets  of  parallel  lines  in $L_l_a_
                                                  t$ and $L_l_o_n_g$ are  re...
I treat `x_1_2' essentially like `x_1{}_2'.

! Double subscript.
l.83 ...f  parallel  lines  in $L_l_a_t$ and $L_l_
                                                  o_n_g$ are  related  to ro...
I treat `x_1_2' essentially like `x_1{}_2'.

! Double subscript.
l.83 ... parallel  lines  in $L_l_a_t$ and $L_l_o_
                                                  n_g$ are  related  to roll...
I treat `x_1_2' essentially like `x_1{}_2'.

! Double subscript.
l.83 ...arallel  lines  in $L_l_a_t$ and $L_l_o_n_
                                                  g$ are  related  to roll (...
I treat `x_1_2' essentially like `x_1{}_2'.

! Double superscript.
l.84     $\alpha$ = \ $tan^-^
                             1(m_l_a_t)$ \times \  $\epsilon_\alpha$ + $\eps...
I treat `x^1^2' essentially like `x^1{}^2'.

! Double subscript.
l.84     $\alpha$ = \ $tan^-^1(m_l_
                                   a_t)$ \times \  $\epsilon_\alpha$ + $\eps...
I treat `x_1_2' essentially like `x_1{}_2'.

! Double subscript.
l.84     $\alpha$ = \ $tan^-^1(m_l_a_
                                     t)$ \times \  $\epsilon_\alpha$ + $\eps...
I treat `x_1_2' essentially like `x_1{}_2'.

! Missing $ inserted.
<inserted text> 
                $
l.84     $\alpha$ = \ $tan^-^1(m_l_a_t)$ \times
                                                \  $\epsilon_\alpha$ + $\eps...
I've inserted a begin-math/end-math symbol since I think
you left one out. Proceed, with fingers crossed.

! Missing $ inserted.
<inserted text> 
                $
l.84 ...= \ $tan^-^1(m_l_a_t)$ \times \  $\epsilon
                                                  _\alpha$ + $\epsilon_c_\al...
I've inserted a begin-math/end-math symbol since I think
you left one out. Proceed, with fingers crossed.

! Double subscript.
l.84 ...\times \  $\epsilon_\alpha$ + $\epsilon_c_
                                                  \alpha$ \\
I treat `x_1_2' essentially like `x_1{}_2'.

! Double superscript.
l.85     $\beta$ = \ $tan^-^
                            1(m_l_o_n_g)$ \times \  $\epsilon_\beta$ + $\eps...
I treat `x^1^2' essentially like `x^1{}^2'.

! Double subscript.
l.85     $\beta$ = \ $tan^-^1(m_l_
                                  o_n_g)$ \times \  $\epsilon_\beta$ + $\eps...
I treat `x_1_2' essentially like `x_1{}_2'.

! Double subscript.
l.85     $\beta$ = \ $tan^-^1(m_l_o_
                                    n_g)$ \times \  $\epsilon_\beta$ + $\eps...
I treat `x_1_2' essentially like `x_1{}_2'.

! Double subscript.
l.85     $\beta$ = \ $tan^-^1(m_l_o_n_
                                      g)$ \times \  $\epsilon_\beta$ + $\eps...
I treat `x_1_2' essentially like `x_1{}_2'.

! Missing $ inserted.
<inserted text> 
                $
l.85     $\beta$ = \ $tan^-^1(m_l_o_n_g)$ \times
                                                 \  $\epsilon_\beta$ + $\eps...
I've inserted a begin-math/end-math symbol since I think
you left one out. Proceed, with fingers crossed.

! Missing $ inserted.
<inserted text> 
                $
l.85 ...\ $tan^-^1(m_l_o_n_g)$ \times \  $\epsilon
                                                  _\beta$ + $\epsilon_c_\bet...
I've inserted a begin-math/end-math symbol since I think
you left one out. Proceed, with fingers crossed.

! Double subscript.
l.85 ... \times \  $\epsilon_\beta$ + $\epsilon_c_
                                                  \beta$ \\
I treat `x_1_2' essentially like `x_1{}_2'.

! Double subscript.
l.86     where $\epsilon_\alpha$, $\epsilon_c_
                                              \alpha$, $\epsilon_\beta$ and ...
I treat `x_1_2' essentially like `x_1{}_2'.

! Double subscript.
l.86 ...\alpha$, $\epsilon_\beta$ and $\epsilon_c_
                                                  \beta$ are constants obtai...
I treat `x_1_2' essentially like `x_1{}_2'.

! Missing $ inserted.
<inserted text> 
                $
l.91 ...position and height based on observed \rho
                                                   .
I've inserted a begin-math/end-math symbol since I think
you left one out. Proceed, with fingers crossed.


! LaTeX Error: Command \end{itemize} invalid in math mode.

See the LaTeX manual or LaTeX Companion for explanation.
Type  H <return>  for immediate help.
 ...                                              
                                                  
l.92 \end{itemize}
                  
Try typing  <return>  to proceed.
If that doesn't work, type  X <return>  to quit.


! LaTeX Error: Something's wrong--perhaps a missing \item.

See the LaTeX manual or LaTeX Companion for explanation.
Type  H <return>  for immediate help.
 ...                                              
                                                  
l.92 \end{itemize}
                  
Try typing  <return>  to proceed.
If that doesn't work, type  X <return>  to quit.


! LaTeX Error: Something's wrong--perhaps a missing \item.

See the LaTeX manual or LaTeX Companion for explanation.
Type  H <return>  for immediate help.
 ...                                              
                                                  
l.92 \end{itemize}
                  
Try typing  <return>  to proceed.
If that doesn't work, type  X <return>  to quit.

! Missing $ inserted.
<inserted text> 
                $
l.92 \end{itemize}
                  
I've inserted something that you may have forgotten.
(See the <inserted text> above.)
With luck, this will get me unwedged. But if you
really didn't forget anything, try typing `2' now; then
my insertion and my current dilemma will both disappear.

<grid.JPG, id=218, 273.4215pt x 184.89075pt>
File: grid.JPG Graphic file (type jpg)
 <use grid.JPG>
Package pdftex.def Info: grid.JPG used on input line 94.
(pdftex.def)             Requested size: 164.05414pt x 110.93529pt.
 [3 <./grid2.JPG>]
! Too many }'s.
l.96 \end{center}}
                  
You've closed more groups than you opened.
Such booboos are generally harmless, so keep going.

! Double superscript.
l.98 ...sition  over the grid-based floor at $k^t^
                                                  h$ frame. Hence we have \\
I treat `x^1^2' essentially like `x^1{}^2'.

! Double superscript.
l.100 At $(k + 1)^t^
                    h$ frame, the new sub-cell position $\sigma^k^+^1_Y$ , m...
I treat `x^1^2' essentially like `x^1{}^2'.

! Double superscript.
l.100 ...ame, the new sub-cell position $\sigma^k^
                                                  +^1_Y$ , might be from $u_...
I treat `x^1^2' essentially like `x^1{}^2'.

! Double superscript.
l.100 ...e, the new sub-cell position $\sigma^k^+^
                                                  1_Y$ , might be from $u_k_...
I treat `x^1^2' essentially like `x^1{}^2'.

! Double subscript.
l.100 ...on $\sigma^k^+^1_Y$ , might be from $u_k_
                                                  -_1$ ,$u_k$ or $u_k_+_1$ u...
I treat `x_1_2' essentially like `x_1{}_2'.

! Double subscript.
l.100 ... $\sigma^k^+^1_Y$ , might be from $u_k_-_
                                                  1$ ,$u_k$ or $u_k_+_1$ uni...
I treat `x_1_2' essentially like `x_1{}_2'.

! Double subscript.
l.100 ..., might be from $u_k_-_1$ ,$u_k$ or $u_k_
                                                  +_1$ unit cell, considerin...
I treat `x_1_2' essentially like `x_1{}_2'.

! Double subscript.
l.100 ...might be from $u_k_-_1$ ,$u_k$ or $u_k_+_
                                                  1$ unit cell, considering ...
I treat `x_1_2' essentially like `x_1{}_2'.

! Double superscript.
l.100 ...ssible position of the MAV at $(k + 1)^t^
                                                  h$ frame are $P_Y$ = $\{(p...
I treat `x^1^2' essentially like `x^1{}^2'.

! Double subscript.
l.100 ... $(k + 1)^t^h$ frame are $P_Y$ = $\{(p_Y_
                                                  - 1);(p_Y);(p_Y + 1)$ \\
I treat `x_1_2' essentially like `x_1{}_2'.

! Double superscript.
l.101 where $p_Y$ = $p^k_Y$ + $\sigma^k^
                                        +^1_Y$ - $\sigma^k_Y$. The MAVs n...
I treat `x^1^2' essentially like `x^1{}^2'.

! Double superscript.
l.101 where $p_Y$ = $p^k_Y$ + $\sigma^k^+^
                                          1_Y$ - $\sigma^k_Y$. The MAVs n...
I treat `x^1^2' essentially like `x^1{}^2'.

! Double superscript.
l.101 ...gma^k_Y$. The MAVs new position $(p^k^
                                                  +^1_Y)$ is given by a winn...
I treat `x^1^2' essentially like `x^1{}^2'.

! Double superscript.
l.101 ...a^k_Y$. The MAVs new position $(p^k^+^
                                                  1_Y)$ is given by a winner...
I treat `x^1^2' essentially like `x^1{}^2'.

! Double superscript.
l.101 ...r take all (WTA) scheme, decided by $p^k^
                                                  +^1_Y$ = $argmin(p^k_Y - p...
I treat `x^1^2' essentially like `x^1{}^2'.

! Double superscript.
l.101 ...take all (WTA) scheme, decided by $p^k^+^
                                                  1_Y$ = $argmin(p^k_Y - p^'...
I treat `x^1^2' essentially like `x^1{}^2'.

! Missing { inserted.
<to be read again> 
                   ^
l.101 ...ided by $p^k^+^1_Y$ = $argmin(p^k_Y - p^'
                                                  $$_Y )^2$
A left brace was mandatory here, so I've put one in.
You might want to delete and/or insert some corrections
so that I will find a matching right brace soon.
(If you're confused by all this, try typing `I}' now.)

! Missing } inserted.
<inserted text> 
                }
l.101 ...ded by $p^k^+^1_Y$ = $argmin(p^k_Y - p^'$
                                                  $_Y )^2$
I've inserted something that you may have forgotten.
(See the <inserted text> above.)
With luck, this will get me unwedged. But if you
really didn't forget anything, try typing `2' now; then
my insertion and my current dilemma will both disappear.


Underfull \hbox (badness 10000) in paragraph at lines 110--112

 []

<Pic2.jpg, id=228, 642.4pt x 481.8pt>
File: Pic2.jpg Graphic file (type jpg)
 <use Pic2.jpg>
Package pdftex.def Info: Pic2.jpg used on input line 113.
(pdftex.def)             Requested size: 128.47772pt x 96.35829pt.
 [4 <./grid.JPG>]
<trig.png, id=235, 398.48875pt x 236.885pt>
File: trig.png Graphic file (type png)
 <use trig.png>
Package pdftex.def Info: trig.png used on input line 144.
(pdftex.def)             Requested size: 175.33559pt x 104.2297pt.
 [5 <./Pic2.jpg>]
! Double subscript.
l.169     u_x_
              {k-1} + v\delta t cos(\theta_{k-1})\\
I treat `x_1_2' essentially like `x_1{}_2'.

! Double subscript.
l.170     u_y_
              {k-1} + v\delta t sin(\theta_{k-1}) \\
I treat `x_1_2' essentially like `x_1{}_2'.


Overfull \hbox (102.09843pt too wide) detected at line 202
\OML/cmm/m/it/12 Q \OT1/cmr/m/n/12 = []
 []

[6 <./trig.png>]
Underfull \hbox (badness 10000) in paragraph at lines 204--205

 []


Underfull \hbox (badness 10000) in paragraph at lines 208--210

 []

<activeloc.png, id=246, 1498.59875pt x 1010.77625pt>
File: activeloc.png Graphic file (type png)
 <use activeloc.png>
Package pdftex.def Info: activeloc.png used on input line 211.
(pdftex.def)             Requested size: 149.86865pt x 101.08354pt.

Underfull \hbox (badness 10000) in paragraph at lines 241--243

 []


Underfull \hbox (badness 10000) in paragraph at lines 245--251

 []

[7 <./activeloc.png>]
! Too many }'s.
l.259             \end{itemize}}
                                
You've closed more groups than you opened.
Such booboos are generally harmless, so keep going.


Underfull \hbox (badness 10000) in paragraph at lines 274--276

 []

[8] <tap.png, id=259, 710.655pt x 281.05pt>
File: tap.png Graphic file (type png)
 <use tap.png>
Package pdftex.def Info: tap.png used on input line 277.
(pdftex.def)             Requested size: 355.32663pt x 140.52464pt.

! Missing { inserted.
<to be read again> 
                   \begingroup 
l.290 ($X_q^
               $, $Y_q^$, $Z_q$) = Desired Coordinates of the MAV before ...
A left brace was mandatory here, so I've put one in.
You might want to delete and/or insert some corrections
so that I will find a matching right brace soon.
(If you're confused by all this, try typing `I}' now.)


LaTeX Warning: Command \textquoteright invalid in math mode on input line 290.

! Missing } inserted.
<inserted text> 
                }
l.290 ($X_q^$
                , $Y_q^$, $Z_q$) = Desired Coordinates of the MAV before ...
I've inserted something that you may have forgotten.
(See the <inserted text> above.)
With luck, this will get me unwedged. But if you
really didn't forget anything, try typing `2' now; then
my insertion and my current dilemma will both disappear.

! Missing { inserted.
<to be read again> 
                   \begingroup 
l.290 ($X_q^$, $Y_q^
                          $, $Z_q$) = Desired Coordinates of the MAV before ...
A left brace was mandatory here, so I've put one in.
You might want to delete and/or insert some corrections
so that I will find a matching right brace soon.
(If you're confused by all this, try typing `I}' now.)


LaTeX Warning: Command \textquoteright invalid in math mode on input line 290.

! Missing } inserted.
<inserted text> 
                }
l.290 ($X_q^$, $Y_q^$
                           , $Z_q$) = Desired Coordinates of the MAV before ...
I've inserted something that you may have forgotten.
(See the <inserted text> above.)
With luck, this will get me unwedged. But if you
really didn't forget anything, try typing `2' now; then
my insertion and my current dilemma will both disappear.

! Missing { inserted.
<to be read again> 
                   \begingroup 
l.298 $X_q^
              $ = $X_g + ut_0cos(\theta)$
A left brace was mandatory here, so I've put one in.
You might want to delete and/or insert some corrections
so that I will find a matching right brace soon.
(If you're confused by all this, try typing `I}' now.)


LaTeX Warning: Command \textquoteright invalid in math mode on input line 298.

! Missing } inserted.
<inserted text> 
                }
l.298 $X_q^$
                = $X_g + ut_0cos(\theta)$
I've inserted something that you may have forgotten.
(See the <inserted text> above.)
With luck, this will get me unwedged. But if you
really didn't forget anything, try typing `2' now; then
my insertion and my current dilemma will both disappear.

! Missing { inserted.
<to be read again> 
                   \begingroup 
l.300 $Y_q^
              $  = $Y_g + ut_0sin(\theta)$ \\
A left brace was mandatory here, so I've put one in.
You might want to delete and/or insert some corrections
so that I will find a matching right brace soon.
(If you're confused by all this, try typing `I}' now.)


LaTeX Warning: Command \textquoteright invalid in math mode on input line 300.

! Missing } inserted.
<inserted text> 
                }
l.300 $Y_q^$
                 = $Y_g + ut_0sin(\theta)$ \\
I've inserted something that you may have forgotten.
(See the <inserted text> above.)
With luck, this will get me unwedged. But if you
really didn't forget anything, try typing `2' now; then
my insertion and my current dilemma will both disappear.

<hex.jpg, id=260, 2055.68pt x 1156.32pt>
File: hex.jpg Graphic file (type jpg)
 <use hex.jpg>
Package pdftex.def Info: hex.jpg used on input line 304.
(pdftex.def)             Requested size: 308.3387pt x 173.4405pt.

Underfull \vbox (badness 10000) has occurred while \output is active []

 [9 <./tap.png>]

! LaTeX Error: There's no line here to end.

See the LaTeX manual or LaTeX Companion for explanation.
Type  H <return>  for immediate help.
 ...                                              
                                                  
l.306 \subsection
                 {Configuration}
Your command was ignored.
Type  I <command> <return>  to replace it with another command,
or  <return>  to continue without it.

[10 <./hex.jpg>]
! Double subscript.
l.340 ... cycle(T) the controller MOSFET has $V_g_
                                                  s$<$V_t_h$ and will go in ...
I treat `x_1_2' essentially like `x_1{}_2'.

! Double subscript.
l.340 ...) the controller MOSFET has $V_g_s$<$V_t_
                                                  h$ and will go in cutoff r...
I treat `x_1_2' essentially like `x_1{}_2'.


Underfull \hbox (badness 10000) in paragraph at lines 340--341

 []

<kill.JPG, id=272, 709.4505pt x 310.761pt>
File: kill.JPG Graphic file (type jpg)
 <use kill.JPG>
Package pdftex.def Info: kill.JPG used on input line 342.
(pdftex.def)             Requested size: 283.77516pt x 124.30219pt.


! LaTeX Error: There's no line here to end.

See the LaTeX manual or LaTeX Companion for explanation.
Type  H <return>  for immediate help.
 ...                                              
                                                  
l.343 \textbf{Kill Switch Circuit}\\ \\
                                       
Your command was ignored.
Type  I <command> <return>  to replace it with another command,
or  <return>  to continue without it.


! LaTeX Error: There's no line here to end.

See the LaTeX manual or LaTeX Companion for explanation.
Type  H <return>  for immediate help.
 ...                                              
                                                  
l.346 \item
            Above a particular duty cycle(T) the controller MOSFET has $V_g_...

Your command was ignored.
Type  I <command> <return>  to replace it with another command,
or  <return>  to continue without it.

! Double subscript.
l.346 ... cycle(T) the controller MOSFET has $V_g_
                                                  s$>$V_t_h$ and will go in ...
I treat `x_1_2' essentially like `x_1{}_2'.

! Double subscript.
l.346 ...) the controller MOSFET has $V_g_s$>$V_t_
                                                  h$ and will go in saturati...
I treat `x_1_2' essentially like `x_1{}_2'.

! Double subscript.
l.346 ... as a result rest MOSFETs will have $V_g_
                                                  s$ = 0V due to potential d...
I treat `x_1_2' essentially like `x_1{}_2'.

[11 <./kill.JPG>]
Underfull \hbox (badness 10000) in paragraph at lines 386--387

 []

<ARK-lab-kgp1.jpg, id=278, 401.5pt x 297.11pt>
File: ARK-lab-kgp1.jpg Graphic file (type jpg)
 <use ARK-lab-kgp1.jpg>
Package pdftex.def Info: ARK-lab-kgp1.jpg used on input line 413.
(pdftex.def)             Requested size: 281.04808pt x 207.97557pt.
 [12]

! LaTeX Error: There's no line here to end.

See the LaTeX manual or LaTeX Companion for explanation.
Type  H <return>  for immediate help.
 ...                                              
                                                  
l.415 W
       e have an indoor testing arena with sample grid floor as in IARC aren...

Your command was ignored.
Type  I <command> <return>  to replace it with another command,
or  <return>  to continue without it.

<st_mcn.jpg, id=284, 783.92876pt x 1143.27126pt>
File: st_mcn.jpg Graphic file (type jpg)
 <use st_mcn.jpg>
Package pdftex.def Info: st_mcn.jpg used on input line 436.
(pdftex.def)             Requested size: 313.56595pt x 457.3004pt.
 [13 <./ARK-lab-kgp1.jpg>]

! LaTeX Error: There's no line here to end.

See the LaTeX manual or LaTeX Companion for explanation.
Type  H <return>  for immediate help.
 ...                                              
                                                  
l.438 \item
           {Strategy state tries to analyze the different states of the bot ...

Your command was ignored.
Type  I <command> <return>  to replace it with another command,
or  <return>  to continue without it.

[14 <./st_mcn.jpg>] 
AED: lastpage setting LastPage
[15]

! LaTeX Error: \begin{itemize} on input line 353 ended by \end{document}.

See the LaTeX manual or LaTeX Companion for explanation.
Type  H <return>  for immediate help.
 ...                                              
                                                  
l.481 \end{document}
                    
Your command was ignored.
Type  I <command> <return>  to replace it with another command,
or  <return>  to continue without it.

Package atveryend Info: Empty hook `BeforeClearDocument' on input line 481.
Package atveryend Info: Empty hook `AfterLastShipout' on input line 481.
(./sbc-template.aux)
Package atveryend Info: Executing hook `AtVeryEndDocument' on input line 481.
Package atveryend Info: Executing hook `AtEndAfterFileList' on input line 481.
Package rerunfilecheck Info: File `sbc-template.out' has not changed.
(rerunfilecheck)             Checksum: 91DB8C1EEE47D8B5527C51A4EA5D4BBA;3165.


LaTeX Font Warning: Size substitutions with differences
(Font)              up to 1.28pt have occurred.

Package atveryend Info: Empty hook `AtVeryVeryEnd' on input line 481.
 )
(\end occurred inside a group at level 1)

### semi simple group (level 1) entered at line 353 (\begingroup)
### bottom level 
Here is how much of TeX's memory you used:
 7505 strings out of 494910
 104320 string characters out of 6179836
 198000 words of memory out of 5000000
 10605 multiletter control sequences out of 15000+600000
 13722 words of font info for 35 fonts, out of 8000000 for 9000
 36 hyphenation exceptions out of 8191
 36i,12n,45p,1120b,549s stack positions out of 5000i,500n,10000p,200000b,80000s
 </home/palak/.texmf-var/fonts/pk/ljfour/jknappen/ec/ecti1200.6
00pk> </home/palak/.texmf-var/fonts/pk/ljfour/jknappen/ec/ecbx1200.600pk> </hom
e/palak/.texmf-var/fonts/pk/ljfour/jknappen/ec/ecrm1200.600pk> </home/palak/.te
xmf-var/fonts/pk/ljfour/jknappen/ec/ecbx1728.600pk></usr/share/texlive/texmf-di
st/fonts/type1/public/amsfonts/cm/cmex10.pfb></usr/share/texlive/texmf-dist/fon
ts/type1/public/amsfonts/cm/cmmi12.pfb></usr/share/texlive/texmf-dist/fonts/typ
e1/public/amsfonts/cm/cmmi6.pfb></usr/share/texlive/texmf-dist/fonts/type1/publ
ic/amsfonts/cm/cmmi8.pfb></usr/share/texlive/texmf-dist/fonts/type1/public/amsf
onts/cm/cmr12.pfb></usr/share/texlive/texmf-dist/fonts/type1/public/amsfonts/cm
/cmr6.pfb></usr/share/texlive/texmf-dist/fonts/type1/public/amsfonts/cm/cmr8.pf
b></usr/share/texlive/texmf-dist/fonts/type1/public/amsfonts/cm/cmsy10.pfb></us
r/share/texlive/texmf-dist/fonts/type1/public/amsfonts/cm/cmsy6.pfb></usr/share
/texlive/texmf-dist/fonts/type1/public/amsfonts/cm/cmsy8.pfb>
Output written on sbc-template.pdf (15 pages, 4305073 bytes).
PDF statistics:
 657 PDF objects out of 1000 (max. 8388607)
 383 compressed objects within 4 object streams
 85 named destinations out of 1000 (max. 500000)
 437 words of extra memory for PDF output out of 10000 (max. 10000000)

